RUN - INFO - Initializing run phase
RUN - INFO - Starting run phase
RUN - INFO - Debug log file: /home/lacp3102/APP1/UdeS_S8_APP1/formatif/gei816-formatif-amorce/verif/regression_area/example_session.lacp3102.24_09_22_16_53_45_0377/chain_0/debug_logs/vm_remote_job_cf8d41ac-1596-437e-8b15-c1ebf4b29669.log
RUN - INFO - Running run no. 2
RUN - INFO - Timeout is set to 900 seconds
RUN - INFO - Executing run script: "/home/lacp3102/APP1/UdeS_S8_APP1/formatif/gei816-formatif-amorce/verif/scripts/do_vmanager_runsim.tcsh"
/bin/sh: /home/lacp3102/APP1/UdeS_S8_APP1/formatif/gei816-formatif-amorce/verif/scripts/do_vmanager_runsim.tcsh: Permission denied
RUN - ERROR - vm_runner: *E,VMRFEXEC: '/home/lacp3102/APP1/UdeS_S8_APP1/formatif/gei816-formatif-amorce/verif/scripts/do_vmanager_runsim.tcsh' failed to execute!
RUN - ERROR - run 2 script '/home/lacp3102/APP1/UdeS_S8_APP1/formatif/gei816-formatif-amorce/verif/scripts/do_vmanager_runsim.tcsh' exited with exit code 126
RUN - INFO - Starting scanning
vm_srmp: *N,START: vManager Single Run Metrics Processor...

--------------------------------------------------------------------
-- Phase: Reading Input vSofs
--------------------------------------------------------------------
vm_srmp: *N,NOINVSOF: No tool's vSof to read

--------------------------------------------------------------------
-- Phase: User Scanning
--------------------------------------------------------------------
vm_srmp: *N,EXEC: vm_scan.pl ius.flt shell.flt 
vm_scan.pl: Scanning information:
  Log file: local_log.log
  Filter files:
    1. ius.flt
    2. shell.flt
vm_scan.pl: total of 0 patterns extracted.
Wrote ./.vm_scan.gegi-acad-alma.1009668.1/vm_scan_22_16_54_0.vsof
vm_srmp: *N,READ: Reading vSof ./.vm_scan.gegi-acad-alma.1009668.1/vm_scan_22_16_54_0.vsof
vm_srmp: *N,IMPORT: Import results from ./.vm_scan.gegi-acad-alma.1009668.1/vm_scan_22_16_54_0.vsof

--------------------------------------------------------------------
-- Phase: Complementary Scanning
--------------------------------------------------------------------
vm_srmp: *N,EXEC: vm_scan.pl  -nonegative /mnt/opt/cmc/tools/cadence/XCELIUMMAIN23.09.006_lnx86/tools/bin/specman.flt 
vm_scan.pl: Scanning information:
  Log file: local_log.log
  Filter file: /mnt/opt/cmc/tools/cadence/XCELIUMMAIN23.09.006_lnx86/tools/bin/specman.flt
vm_scan.pl: total of 2 patterns extracted.
Wrote ./.vm_scan.gegi-acad-alma.1009668.2/vm_scan_22_16_54_0.vsof
vm_srmp: *N,READ: Reading vSof ./.vm_scan.gegi-acad-alma.1009668.2/vm_scan_22_16_54_0.vsof
vm_srmp: *N,EXEC: vm_scan.pl  /mnt/opt/cmc/tools/cadence/VMANAGER23.03.002_lnx86/tools/vmgr/runner/bin/vm.flt 
vm_scan.pl: Scanning information:
  Log file: local_log.log
  Filter file: vm.flt
vm_scan.pl: total of 1 patterns extracted.
Wrote ./.vm_scan.gegi-acad-alma.1009668.3/vm_scan_22_16_54_0.vsof
vm_srmp: *N,READ: Reading vSof ./.vm_scan.gegi-acad-alma.1009668.3/vm_scan_22_16_54_0.vsof
vm_srmp: *N,IMPORT: Import results from ./.vm_scan.gegi-acad-alma.1009668.2/vm_scan_22_16_54_0.vsof
vm_srmp: *N,IMPORT: Import results from ./.vm_scan.gegi-acad-alma.1009668.3/vm_scan_22_16_54_0.vsof

--------------------------------------------------------------------
-- Phase: Writing Single Run vSof
--------------------------------------------------------------------
vm_srmp: *N,WRITE: Writing vSof ${BRUN_RUN_DIR}/local_vsof.txt
vm_srmp: *N,COMPLETE: vManager Single Run Metrics Processor completed successfully
RUN - INFO - Run done.
